<?xml version="1.0" encoding="utf-8"?><testsuites name="pytest tests"><testsuite name="pytest" errors="0" failures="0" skipped="0" tests="8" time="10.372" timestamp="2026-07-14T07:23:04.035055+00:00" hostname="agent-env-e017e20b-7339-4d41-939b-f1cd200aede3"><testcase classname="tests.test_asn.TestASNFlow" name="test_01_stats_and_records" time="0.668" /><testcase classname="tests.test_asn.TestASNFlow" name="test_02_import_idempotent" time="0.306" /><testcase classname="tests.test_asn.TestASNFlow" name="test_03_happy_path_edit_pdi_run" time="2.322" /><testcase classname="tests.test_asn.TestASNFlow" name="test_04_failure_and_retry" time="3.589" /><testcase classname="tests.test_asn.TestASNFlow" name="test_05_run_concurrency_conflict" time="1.899" /><testcase classname="tests.test_asn.TestASNFlow" name="test_06_export_xlsx" time="0.840" /><testcase classname="tests.test_asn.TestASNFlow" name="test_07_records_filter_search" time="0.096" /><testcase classname="tests.test_asn.TestASNFlow" name="test_08_md_ocr_fields_present" time="0.097" /></testsuite></testsuites>