<?xml version="1.0" encoding="utf-8"?><testsuites name="pytest tests"><testsuite name="pytest" errors="0" failures="0" skipped="0" tests="16" time="11.034" timestamp="2026-07-14T08:45:19.270101+00:00" hostname="agent-env-e017e20b-7339-4d41-939b-f1cd200aede3"><testcase classname="tests.test_batch_allocation.TestBatchMultiHappyPath" name="test_01a_seed_and_run_multi" time="1.492" /><testcase classname="tests.test_batch_allocation.TestBatchMultiHappyPath" name="test_01b_awaiting_shape" time="1.560" /><testcase classname="tests.test_batch_allocation.TestBatchMultiHappyPath" name="test_01c_validation_total_mismatch" time="0.283" /><testcase classname="tests.test_batch_allocation.TestBatchMultiHappyPath" name="test_01d_validation_over_available" time="0.263" /><testcase classname="tests.test_batch_allocation.TestBatchMultiHappyPath" name="test_01e_validation_unknown_batch" time="0.139" /><testcase classname="tests.test_batch_allocation.TestBatchMultiHappyPath" name="test_01f_confirm_split_success" time="0.543" /><testcase classname="tests.test_batch_allocation.TestBatchMultiHappyPath" name="test_01g_batch_allocations_endpoint" time="0.133" /><testcase classname="tests.test_batch_allocation.TestBatchMultiHappyPath" name="test_01h_master_dispatch_linked" time="0.134" /><testcase classname="tests.test_batch_allocation.TestBatchMultiHappyPath" name="test_01i_no_pending_confirm_409" time="0.141" /><testcase classname="tests.test_batch_allocation.TestBatchMultiHappyPath" name="test_01j_export_has_batch_column" time="0.141" /><testcase classname="tests.test_batch_allocation.TestBatchMultiHappyPath" name="test_01k_workflow_shows_batches" time="0.133" /><testcase classname="tests.test_batch_allocation.TestBatchLowCancel" name="test_02a_seed_and_run" time="1.119" /><testcase classname="tests.test_batch_allocation.TestBatchLowCancel" name="test_02b_awaiting_single_short_batch" time="1.390" /><testcase classname="tests.test_batch_allocation.TestBatchLowCancel" name="test_02c_cancel_and_verify_failed_no_retry" time="0.420" /><testcase classname="tests.test_batch_allocation.TestBatchLowCancel" name="test_02d_cancel_no_pending_returns_409" time="0.132" /><testcase classname="tests.test_batch_allocation.TestNonBatchRegression" name="test_03_no_pause" time="2.785" /></testsuite></testsuites>