<?xml version="1.0" encoding="utf-8"?><testsuites name="pytest tests"><testsuite name="pytest" errors="0" failures="0" skipped="0" tests="25" time="16.831" timestamp="2026-07-13T14:38:12.249807+00:00" hostname="agent-env-e017e20b-7339-4d41-939b-f1cd200aede3"><testcase classname="tests.test_eway.TestStats" name="test_requires_auth" time="0.558" /><testcase classname="tests.test_eway.TestStats" name="test_stats_shape" time="0.144" /><testcase classname="tests.test_eway.TestRecordsList" name="test_records_default" time="0.104" /><testcase classname="tests.test_eway.TestRecordsList" name="test_filters" time="0.111" /><testcase classname="tests.test_eway.TestUpdateDetails" name="test_update_details" time="0.270" /><testcase classname="tests.test_eway.TestUpdateDetails" name="test_invalid_id" time="0.136" /><testcase classname="tests.test_eway.TestRunSuccess" name="test_run_completes_and_syncs_md" time="1.858" /><testcase classname="tests.test_eway.TestSkipRule" name="test_skip_blank_eway" time="1.595" /><testcase classname="tests.test_eway.TestSkipRule" name="test_skip_blank_validity" time="1.623" /><testcase classname="tests.test_eway.TestFailurePath" name="test_fails_after_retries" time="2.832" /><testcase classname="tests.test_eway.TestFailurePath" name="test_retry_failed_endpoint" time="2.541" /><testcase classname="tests.test_eway.TestConcurrency" name="test_run_status_endpoint" time="0.103" /><testcase classname="tests.test_eway.TestValidationRun" name="test_test_validation_admin" time="2.135" /><testcase classname="tests.test_eway.TestValidationRun" name="test_test_validation_forbidden_for_dispatch" time="0.414" /><testcase classname="tests.test_eway.TestSettings" name="test_settings_shows_missing_env" time="0.113" /><testcase classname="tests.test_eway.TestSettings" name="test_live_mode_rejected" time="0.211" /><testcase classname="tests.test_eway.TestSelectorsAndExport" name="test_get_selectors" time="0.093" /><testcase classname="tests.test_eway.TestSelectorsAndExport" name="test_put_selectors_forbidden_dispatch" time="0.210" /><testcase classname="tests.test_eway.TestSelectorsAndExport" name="test_export_xlsx" time="0.481" /><testcase classname="tests.test_eway.TestSelectorsAndExport" name="test_logs" time="0.117" /><testcase classname="tests.test_eway.TestRegression" name="test_master_dispatch_stats" time="0.119" /><testcase classname="tests.test_eway.TestRegression" name="test_master_dispatch_list" time="0.100" /><testcase classname="tests.test_eway.TestRegression" name="test_dispatch" time="0.097" /><testcase classname="tests.test_eway.TestRegression" name="test_packing_slips" time="0.098" /><testcase classname="tests.test_eway.TestRegression" name="test_modules_eway_active" time="0.636" /></testsuite></testsuites>