<?xml version="1.0" encoding="utf-8"?><testsuites name="pytest tests"><testsuite name="pytest" errors="0" failures="0" skipped="0" tests="16" time="3.419" timestamp="2026-07-15T12:23:15.082111+00:00" hostname="agent-env-e017e20b-7339-4d41-939b-f1cd200aede3"><testcase classname="tests.test_iteration_17_smoke" name="test_health_ok" time="0.006" /><testcase classname="tests.test_iteration_17_smoke" name="test_login_admin" time="0.474" /><testcase classname="tests.test_iteration_17_smoke" name="test_login_dispatch" time="0.318" /><testcase classname="tests.test_iteration_17_smoke" name="test_protected_no_token_returns_401" time="0.100" /><testcase classname="tests.test_iteration_17_smoke" name="test_admin_only_forbidden_for_dispatch" time="0.434" /><testcase classname="tests.test_iteration_17_smoke" name="test_modules" time="0.427" /><testcase classname="tests.test_iteration_17_smoke" name="test_master_dispatch_has_pdi_field" time="0.104" /><testcase classname="tests.test_iteration_17_smoke" name="test_pdi_templates" time="0.116" /><testcase classname="tests.test_iteration_17_smoke" name="test_pdi_reports" time="0.101" /><testcase classname="tests.test_iteration_17_smoke" name="test_pdi_inspectors" time="0.106" /><testcase classname="tests.test_iteration_17_smoke" name="test_documents_types" time="0.176" /><testcase classname="tests.test_iteration_17_smoke" name="test_asn_records" time="0.097" /><testcase classname="tests.test_iteration_17_smoke" name="test_reports_kpis_has_pdi" time="0.094" /><testcase classname="tests.test_iteration_17_smoke" name="test_system_health" time="0.194" /><testcase classname="tests.test_iteration_17_smoke" name="test_pdi_generate_e2e" time="0.348" /><testcase classname="tests.test_iteration_17_smoke" name="test_pdi_template_source_pdf" time="0.248" /></testsuite></testsuites>