<?xml version="1.0" encoding="utf-8"?><testsuites name="pytest tests"><testsuite name="pytest" errors="0" failures="0" skipped="0" tests="39" time="5.358" timestamp="2026-07-14T18:12:16.742929+00:00" hostname="agent-env-e017e20b-7339-4d41-939b-f1cd200aede3"><testcase classname="tests.test_production_audit" name="test_endpoint_sweep_admin_200[/master-dispatch/stats]" time="0.632" /><testcase classname="tests.test_production_audit.TestMasters" name="test_plants_list" time="0.850" /><testcase classname="tests.test_production_audit" name="test_endpoint_sweep_admin_200[/master-dispatch?page=1&amp;page_size=5]" time="0.151" /><testcase classname="tests.test_production_audit" name="test_endpoint_sweep_admin_200[/master-dispatch/daily-report?date=2026-06-13]" time="0.160" /><testcase classname="tests.test_production_audit.TestMasters" name="test_transporters_list" time="0.148" /><testcase classname="tests.test_production_audit" name="test_endpoint_sweep_admin_200[/master-dispatch/daily-report/options]" time="0.179" /><testcase classname="tests.test_production_audit.TestMasters" name="test_plant_add_delete_cycle" time="0.721" /><testcase classname="tests.test_production_audit" name="test_endpoint_sweep_admin_200[/master-dispatch/batches?page=1&amp;page_size=5]" time="0.142" /><testcase classname="tests.test_production_audit" name="test_endpoint_sweep_admin_200[/asn/stats]" time="0.151" /><testcase classname="tests.test_production_audit" name="test_endpoint_sweep_admin_200[/asn/records?page=1&amp;page_size=5]" time="0.156" /><testcase classname="tests.test_production_audit" name="test_endpoint_sweep_admin_200[/asn/run-status]" time="0.170" /><testcase classname="tests.test_production_audit.TestMasters" name="test_transporter_add_delete_cycle" time="0.750" /><testcase classname="tests.test_production_audit" name="test_endpoint_sweep_admin_200[/asn/batch-allocations]" time="0.150" /><testcase classname="tests.test_production_audit" name="test_endpoint_sweep_admin_200[/eway/records?page=1&amp;page_size=5]" time="0.137" /><testcase classname="tests.test_production_audit" name="test_endpoint_sweep_admin_200[/eway/stats]" time="0.160" /><testcase classname="tests.test_production_audit" name="test_endpoint_sweep_admin_200[/eway/run-status]" time="0.200" /><testcase classname="tests.test_production_audit" name="test_endpoint_sweep_admin_200[/eway/settings]" time="0.139" /><testcase classname="tests.test_production_audit" name="test_endpoint_sweep_admin_200[/eway/selectors]" time="0.294" /><testcase classname="tests.test_production_audit" name="test_endpoint_sweep_admin_200[/vendor-ack/records?page=1&amp;page_size=5]" time="0.153" /><testcase classname="tests.test_production_audit.TestMasters" name="test_dispatch_cannot_modify_masters" time="0.696" /><testcase classname="tests.test_production_audit" name="test_endpoint_sweep_admin_200[/vendor-ack/stats]" time="0.162" /><testcase classname="tests.test_production_audit" name="test_endpoint_sweep_admin_200[/vendor-ack/run-status]" time="0.156" /><testcase classname="tests.test_production_audit.TestHealth" name="test_health_endpoint_internal" time="0.002" /><testcase classname="tests.test_production_audit.TestHealth" name="test_security_headers_on_api" time="0.147" /><testcase classname="tests.test_production_audit" name="test_endpoint_sweep_admin_200[/reports/kpis]" time="0.162" /><testcase classname="tests.test_production_audit.TestAuth" name="test_wrong_password_rejected" time="0.383" /><testcase classname="tests.test_production_audit" name="test_endpoint_sweep_admin_200[/reports/erp?page=1&amp;page_size=5]" time="0.237" /><testcase classname="tests.test_production_audit.TestAuth" name="test_jwt_required_on_protected_route" time="0.147" /><testcase classname="tests.test_production_audit" name="test_endpoint_sweep_admin_200[/reports/charts]" time="0.164" /><testcase classname="tests.test_production_audit.TestSystemStatus" name="test_admin_status_ok" time="0.140" /><testcase classname="tests.test_production_audit" name="test_endpoint_sweep_admin_200[/reports/views]" time="0.136" /><testcase classname="tests.test_production_audit.TestSystemStatus" name="test_dispatch_forbidden" time="0.143" /><testcase classname="tests.test_production_audit" name="test_endpoint_sweep_admin_200[/reports/summary]" time="0.139" /><testcase classname="tests.test_production_audit" name="test_endpoint_sweep_admin_200[/packing/slips]" time="0.140" /><testcase classname="tests.test_production_audit" name="test_endpoint_sweep_admin_200[/admin/users]" time="0.143" /><testcase classname="tests.test_production_audit" name="test_endpoint_sweep_admin_200[/admin/logs]" time="0.150" /><testcase classname="tests.test_production_audit" name="test_endpoint_sweep_admin_200[/admin/company-profile]" time="0.142" /><testcase classname="tests.test_production_audit" name="test_endpoint_sweep_admin_200[/modules]" time="0.142" /><testcase classname="tests.test_production_audit" name="test_api_root" time="0.137" /></testsuite></testsuites>