<?xml version="1.0" encoding="utf-8"?><testsuites name="pytest tests"><testsuite name="pytest" errors="0" failures="0" skipped="1" tests="21" time="189.379" timestamp="2026-07-16T13:19:37.728667+00:00" hostname="agent-env-e017e20b-7339-4d41-939b-f1cd200aede3"><testcase classname="tests.test_pdi_masters.TestSecurity" name="test_dispatch_can_list_templates" time="0.703" /><testcase classname="tests.test_pdi_masters.TestSecurity" name="test_dispatch_bulk_forbidden" time="0.122" /><testcase classname="tests.test_pdi_masters.TestSecurity" name="test_dispatch_bulk_reocr_forbidden" time="0.106" /><testcase classname="tests.test_pdi_masters.TestBulk" name="test_bulk_deactivate_then_activate" time="1.244" /><testcase classname="tests.test_pdi_masters.TestSecurity" name="test_dispatch_export_forbidden" time="0.114" /><testcase classname="tests.test_pdi_masters.TestSecurity" name="test_dispatch_import_forbidden" time="0.132" /><testcase classname="tests.test_pdi_masters.TestBulk" name="test_bulk_delete_used_falls_back_to_deactivate" time="0.381" /><testcase classname="tests.test_pdi_masters.TestBulk" name="test_bulk_delete_unused_permanent" time="0.355" /><testcase classname="tests.test_pdi_masters.TestSecurity" name="test_dispatch_duplicate_forbidden" time="0.661" /><testcase classname="tests.test_pdi_masters.TestSecurity" name="test_dispatch_restore_forbidden" time="0.103" /><testcase classname="tests.test_pdi_masters.TestExportImport" name="test_export_single_id_zip" time="0.172" /><testcase classname="tests.test_pdi_masters.TestBulk" name="test_bulk_unknown_action" time="0.119" /><testcase classname="tests.test_pdi_masters.TestListMeta" name="test_list_has_audit_fields" time="0.127" /><testcase classname="tests.test_pdi_masters.TestExportImport" name="test_export_all_headers" time="0.931" /><testcase classname="tests.test_pdi_masters.TestListMeta" name="test_status_filter_inactive" time="0.847" /><testcase classname="tests.test_pdi_masters.TestExportImport" name="test_import_merges" time="0.168" /><testcase classname="tests.test_pdi_masters.TestBulkReocr" name="test_bulk_reocr_empty_ids_400" time="0.101" /><testcase classname="tests.test_pdi_masters.TestBulkReocr" name="test_bulk_reocr_state_machine" time="185.825" /><testcase classname="tests.test_pdi_masters.TestDuplicate" name="test_duplicate_creates_copy" time="1.032" /><testcase classname="tests.test_pdi_masters.TestRestoreRevision" name="test_restore_bumps_revision" time="0.824" /><testcase classname="tests.test_pdi_masters.TestCreateOnDuplicate" name="test_placeholder" time="0.000"><skipped type="pytest.skip" message="Create-with-on_duplicate requires an OCR upload_id; Gemini quota is exhausted (out of scope).">/app/backend/tests/test_pdi_masters.py:351: Create-with-on_duplicate requires an OCR upload_id; Gemini quota is exhausted (out of scope).</skipped></testcase></testsuite></testsuites>