<?xml version="1.0" encoding="utf-8"?><testsuites name="pytest tests"><testsuite name="pytest" errors="0" failures="0" skipped="1" tests="35" time="11.242" timestamp="2026-07-11T13:36:32.513645+00:00" hostname="agent-env-e859aaa0-47b2-4670-af9b-1e729cb786c1"><testcase classname="tests.backend_test.TestAuth" name="test_health" time="0.115" /><testcase classname="tests.backend_test.TestDispatch" name="test_manual_create" time="0.650" /><testcase classname="tests.backend_test.TestAuth" name="test_admin_login" time="0.627" /><testcase classname="tests.backend_test.TestDispatch" name="test_list_and_search" time="0.136" /><testcase classname="tests.backend_test.TestDispatch" name="test_update" time="0.398" /><testcase classname="tests.backend_test.TestAuth" name="test_dispatch_login" time="0.478" /><testcase classname="tests.backend_test.TestDispatch" name="test_export_excel" time="0.521" /><testcase classname="tests.backend_test.TestAuth" name="test_invalid_login" time="0.490" /><testcase classname="tests.backend_test.TestDispatch" name="test_export_pdf" time="0.232" /><testcase classname="tests.backend_test.TestAuth" name="test_no_token_rejected" time="0.087" /><testcase classname="tests.backend_test.TestAuth" name="test_dispatch_cannot_access_admin" time="0.099" /><testcase classname="tests.backend_test.TestAuth" name="test_brute_force_lockout" time="0.682" /><testcase classname="tests.backend_test.TestDispatch" name="test_delete" time="0.197" /><testcase classname="tests.backend_test.TestAdmin" name="test_list_users" time="0.541" /><testcase classname="tests.backend_test.TestPacking" name="test_no_auth_rejected" time="0.201" /><testcase classname="tests.backend_test.TestAdmin" name="test_create_and_login_new_user" time="0.859" /><testcase classname="tests.backend_test.TestPacking" name="test_create_slip" time="0.103" /><testcase classname="tests.backend_test.TestPacking" name="test_list_slips_contains_created" time="0.274" /><testcase classname="tests.backend_test.TestPacking" name="test_dispatch_role_can_access" time="0.104" /><testcase classname="tests.backend_test.TestPacking" name="test_delete_slip" time="0.370" /><testcase classname="tests.backend_test.TestAdmin" name="test_cannot_delete_self" time="0.296" /><testcase classname="tests.backend_test.TestPacking" name="test_cleanup_curl_leftover" time="0.115" /><testcase classname="tests.backend_test.TestDispatchPagination" name="test_seed_30_entries" time="3.147" /><testcase classname="tests.backend_test.TestAdmin" name="test_delete_created_user" time="0.110" /><testcase classname="tests.backend_test.TestAdmin" name="test_company_profile_publish_toggle" time="0.425" /><testcase classname="tests.backend_test.TestAdmin" name="test_activity_logs" time="0.104" /><testcase classname="tests.backend_test.TestModules" name="test_list_modules" time="0.097" /><testcase classname="tests.backend_test.TestModules" name="test_module_ping" time="0.110" /><testcase classname="tests.backend_test.TestExtraction" name="test_extract_invoice_pdf" time="0.000"><skipped type="pytest.skip" message="AI extraction already verified in iteration 1; skip to save tokens/time">/app/backend/tests/backend_test.py:216: AI extraction already verified in iteration 1; skip to save tokens/time</skipped></testcase><testcase classname="tests.backend_test.TestReports" name="test_summary" time="0.108" /><testcase classname="tests.backend_test.TestDispatchPagination" name="test_page1_returns_25" time="0.106" /><testcase classname="tests.backend_test.TestDispatchPagination" name="test_page2_returns_5" time="0.095" /><testcase classname="tests.backend_test.TestDispatchPagination" name="test_default_pagination_shape" time="0.139" /><testcase classname="tests.backend_test.TestDispatchPagination" name="test_filter_with_pagination" time="0.107" /><testcase classname="tests.backend_test.TestDispatchPagination" name="test_cleanup" time="3.207" /></testsuite></testsuites>