<?xml version="1.0" encoding="utf-8"?><testsuites name="pytest tests"><testsuite name="pytest" errors="0" failures="0" skipped="0" tests="9" time="4.311" timestamp="2026-07-16T11:58:21.905048+00:00" hostname="agent-env-e017e20b-7339-4d41-939b-f1cd200aede3"><testcase classname="tests.test_manual_pdi.TestManualUpload" name="test_manual_upload_rejects_non_pdf" time="0.604" /><testcase classname="tests.test_manual_pdi.TestManualUpload" name="test_manual_upload_without_dispatch" time="0.112" /><testcase classname="tests.test_manual_pdi.TestManualUpload" name="test_manual_upload_attaches_as_active" time="0.295" /><testcase classname="tests.test_manual_pdi.TestManualUpload" name="test_regenerate_manual_returns_400" time="0.095" /><testcase classname="tests.test_manual_pdi.TestManualUpload" name="test_get_manual_pdf" time="0.101" /><testcase classname="tests.test_manual_pdi.TestSetActive" name="test_set_active_switches_between_manual_and_ai" time="0.815" /><testcase classname="tests.test_manual_pdi.TestDeleteBehavior" name="test_delete_non_active_does_not_clear_dispatch" time="0.756" /><testcase classname="tests.test_manual_pdi.TestDeleteBehavior" name="test_delete_active_clears_dispatch" time="0.538" /><testcase classname="tests.test_manual_pdi.TestReportsListRegression" name="test_reports_list_has_source_field" time="0.906" /></testsuite></testsuites>