<?xml version="1.0" encoding="utf-8"?><testsuites name="pytest tests"><testsuite name="pytest" errors="0" failures="2" skipped="0" tests="23" time="19.948" timestamp="2026-07-13T08:51:36.180696+00:00" hostname="agent-env-e017e20b-7339-4d41-939b-f1cd200aede3"><testcase classname="tests.test_master_dispatch.TestAuthBasics" name="test_admin_me" time="0.583" /><testcase classname="tests.test_master_dispatch.TestAuthBasics" name="test_dispatch_me" time="0.419" /><testcase classname="tests.test_master_dispatch.TestStats" name="test_stats_requires_auth" time="0.089" /><testcase classname="tests.test_master_dispatch.TestStats" name="test_stats_shape" time="0.109" /><testcase classname="tests.test_master_dispatch.TestUpload" name="test_reject_non_pdf" time="0.098" /><testcase classname="tests.test_master_dispatch.TestUpload" name="test_upload_sample_pdf" time="0.222" /><testcase classname="tests.test_master_dispatch.TestUpload" name="test_batch_completes_and_creates_record" time="16.517" /><testcase classname="tests.test_master_dispatch.TestUpload" name="test_get_stored_file" time="0.117" /><testcase classname="tests.test_master_dispatch.TestUpload" name="test_batches_pagination" time="0.096" /><testcase classname="tests.test_master_dispatch.TestCRUD" name="test_manual_create" time="0.097" /><testcase classname="tests.test_master_dispatch.TestCRUD" name="test_get_by_id" time="0.093" /><testcase classname="tests.test_master_dispatch.TestCRUD" name="test_update_verifies" time="0.099" /><testcase classname="tests.test_master_dispatch.TestCRUD" name="test_list_with_filters_and_sort" time="0.097" /><testcase classname="tests.test_master_dispatch.TestCRUD" name="test_list_date_filter" time="0.093" /><testcase classname="tests.test_master_dispatch.TestCRUD" name="test_duplicate" time="0.102" /><testcase classname="tests.test_master_dispatch.TestCRUD" name="test_delete_forbidden_for_dispatch" time="0.091" /><testcase classname="tests.test_master_dispatch.TestCRUD" name="test_delete_admin" time="0.323" /><testcase classname="tests.test_master_dispatch.TestExports" name="test_export_excel" time="0.101"><failure message="assert 500 == 200&#10; +  where 500 = &lt;Response [500]&gt;.status_code">backend/tests/test_master_dispatch.py:231: in test_export_excel
    assert r.status_code == 200
E   assert 500 == 200
E    +  where 500 = &lt;Response [500]&gt;.status_code</failure></testcase><testcase classname="tests.test_master_dispatch.TestExports" name="test_export_pdf" time="0.091"><failure message="assert 500 == 200&#10; +  where 500 = &lt;Response [500]&gt;.status_code">backend/tests/test_master_dispatch.py:238: in test_export_pdf
    assert r.status_code == 200
E   assert 500 == 200
E    +  where 500 = &lt;Response [500]&gt;.status_code</failure></testcase><testcase classname="tests.test_master_dispatch.TestRegression" name="test_dispatch_list" time="0.094" /><testcase classname="tests.test_master_dispatch.TestRegression" name="test_modules" time="0.092" /><testcase classname="tests.test_master_dispatch.TestRegression" name="test_reports_summary" time="0.095" /><testcase classname="tests.test_master_dispatch.TestRegression" name="test_packing_slips" time="0.119" /></testsuite></testsuites>