<?xml version="1.0" encoding="utf-8"?><testsuites name="pytest tests"><testsuite name="pytest" errors="0" failures="0" skipped="0" tests="13" time="30.155" timestamp="2026-07-15T07:13:30.349590+00:00" hostname="agent-env-e017e20b-7339-4d41-939b-f1cd200aede3"><testcase classname="tests.test_pdi_extended" name="test_upload_and_drafts" time="23.513" /><testcase classname="tests.test_pdi_extended" name="test_upload_pages_pdf" time="0.137" /><testcase classname="tests.test_pdi_extended" name="test_preview_draft" time="0.641" /><testcase classname="tests.test_pdi_extended" name="test_create_template_and_revision1" time="0.121" /><testcase classname="tests.test_pdi_extended" name="test_update_bumps_revision_and_snapshot" time="0.206" /><testcase classname="tests.test_pdi_extended" name="test_inactive_template_not_matched" time="0.296" /><testcase classname="tests.test_pdi_extended" name="test_mapped_parts_exact_match_dowel_alt" time="0.099" /><testcase classname="tests.test_pdi_extended" name="test_delete_in_use_returns_409" time="0.207" /><testcase classname="tests.test_pdi_extended" name="test_revision_safe_regenerate" time="1.310" /><testcase classname="tests.test_pdi_extended" name="test_dispatch_options_with_lots" time="0.519" /><testcase classname="tests.test_pdi_extended" name="test_masters_manage_flow[inspectors]" time="1.316" /><testcase classname="tests.test_pdi_extended" name="test_masters_manage_flow[approvers]" time="0.954" /><testcase classname="tests.test_pdi_extended" name="test_generate_overrides_and_report_fields" time="0.434" /></testsuite></testsuites>