<?xml version="1.0" encoding="utf-8"?><testsuites name="pytest tests"><testsuite name="pytest" errors="0" failures="0" skipped="0" tests="14" time="4.828" timestamp="2026-07-15T06:33:47.407572+00:00" hostname="agent-env-e017e20b-7339-4d41-939b-f1cd200aede3"><testcase classname="tests.test_pdi" name="test_import_status" time="0.481" /><testcase classname="tests.test_pdi" name="test_templates_search_guide" time="0.095" /><testcase classname="tests.test_pdi" name="test_template_update_admin_and_forbidden_for_dispatch" time="0.706" /><testcase classname="tests.test_pdi" name="test_template_source_pdf" time="0.241" /><testcase classname="tests.test_pdi" name="test_match_1968889" time="0.108" /><testcase classname="tests.test_pdi" name="test_masters_inspectors_and_approvers" time="0.754" /><testcase classname="tests.test_pdi" name="test_generate_report_and_observations" time="0.399" /><testcase classname="tests.test_pdi" name="test_reports_list_and_search" time="0.307" /><testcase classname="tests.test_pdi" name="test_report_pdf_inline_and_download" time="0.286" /><testcase classname="tests.test_pdi" name="test_regenerate" time="0.484" /><testcase classname="tests.test_pdi" name="test_delete_report_admin_only" time="0.593" /><testcase classname="tests.test_pdi" name="test_last_used" time="0.102" /><testcase classname="tests.test_pdi" name="test_modules_has_pdi_no_dqms" time="0.097" /><testcase classname="tests.test_pdi" name="test_observations_within_tolerance" time="0.098" /></testsuite></testsuites>