<?xml version="1.0" encoding="utf-8"?><testsuites name="pytest tests"><testsuite name="pytest" errors="0" failures="0" skipped="1" tests="35" time="22.005" timestamp="2026-07-11T07:43:08.499510+00:00" hostname="agent-env-e859aaa0-47b2-4670-af9b-1e729cb786c1"><testcase classname="tests.backend_test.TestAuth" name="test_health" time="0.269" /><testcase classname="tests.backend_test.TestDispatch" name="test_manual_create" time="0.820" /><testcase classname="tests.backend_test.TestAuth" name="test_admin_login" time="0.618" /><testcase classname="tests.backend_test.TestDispatch" name="test_list_and_search" time="0.177" /><testcase classname="tests.backend_test.TestDispatch" name="test_update" time="0.351" /><testcase classname="tests.backend_test.TestAuth" name="test_dispatch_login" time="0.453" /><testcase classname="tests.backend_test.TestAuth" name="test_invalid_login" time="0.099" /><testcase classname="tests.backend_test.TestDispatch" name="test_export_excel" time="0.887" /><testcase classname="tests.backend_test.TestAuth" name="test_no_token_rejected" time="0.780" /><testcase classname="tests.backend_test.TestAuth" name="test_dispatch_cannot_access_admin" time="0.107" /><testcase classname="tests.backend_test.TestDispatch" name="test_export_pdf" time="0.239" /><testcase classname="tests.backend_test.TestAuth" name="test_brute_force_lockout" time="0.722" /><testcase classname="tests.backend_test.TestDispatch" name="test_delete" time="0.215" /><testcase classname="tests.backend_test.TestPacking" name="test_no_auth_rejected" time="0.199" /><testcase classname="tests.backend_test.TestPacking" name="test_create_slip" time="0.108" /><testcase classname="tests.backend_test.TestPacking" name="test_list_slips_contains_created" time="0.095" /><testcase classname="tests.backend_test.TestAdmin" name="test_list_users" time="0.102" /><testcase classname="tests.backend_test.TestAdmin" name="test_create_and_login_new_user" time="0.936" /><testcase classname="tests.backend_test.TestPacking" name="test_dispatch_role_can_access" time="0.662" /><testcase classname="tests.backend_test.TestPacking" name="test_delete_slip" time="0.427" /><testcase classname="tests.backend_test.TestAdmin" name="test_cannot_delete_self" time="0.273" /><testcase classname="tests.backend_test.TestPacking" name="test_cleanup_curl_leftover" time="0.243" /><testcase classname="tests.backend_test.TestAdmin" name="test_delete_created_user" time="0.106" /><testcase classname="tests.backend_test.TestDispatchPagination" name="test_seed_30_entries" time="3.189" /><testcase classname="tests.backend_test.TestAdmin" name="test_company_profile_publish_toggle" time="0.450" /><testcase classname="tests.backend_test.TestAdmin" name="test_activity_logs" time="0.100" /><testcase classname="tests.backend_test.TestModules" name="test_list_modules" time="0.126" /><testcase classname="tests.backend_test.TestModules" name="test_module_ping" time="0.108" /><testcase classname="tests.backend_test.TestExtraction" name="test_extract_invoice_pdf" time="0.000"><skipped type="pytest.skip" message="AI extraction already verified in iteration 1; skip to save tokens/time">/app/backend/tests/backend_test.py:216: AI extraction already verified in iteration 1; skip to save tokens/time</skipped></testcase><testcase classname="tests.backend_test.TestReports" name="test_summary" time="0.103" /><testcase classname="tests.backend_test.TestDispatchPagination" name="test_page1_returns_25" time="0.102" /><testcase classname="tests.backend_test.TestDispatchPagination" name="test_page2_returns_5" time="0.109" /><testcase classname="tests.backend_test.TestDispatchPagination" name="test_default_pagination_shape" time="0.100" /><testcase classname="tests.backend_test.TestDispatchPagination" name="test_filter_with_pagination" time="0.098" /><testcase classname="tests.backend_test.TestDispatchPagination" name="test_cleanup" time="13.171" /></testsuite></testsuites>