<?xml version="1.0" encoding="utf-8"?><testsuites name="pytest tests"><testsuite name="pytest" errors="0" failures="0" skipped="0" tests="28" time="7.234" timestamp="2026-07-14T08:03:57.154573+00:00" hostname="agent-env-e017e20b-7339-4d41-939b-f1cd200aede3"><testcase classname="tests.test_reports" name="test_kpis" time="1.642" /><testcase classname="tests.test_reports" name="test_erp_basic" time="0.111" /><testcase classname="tests.test_reports" name="test_erp_pagination" time="0.106" /><testcase classname="tests.test_reports" name="test_erp_sort_asc" time="0.104" /><testcase classname="tests.test_reports" name="test_erp_filter_invoice_2001" time="0.100" /><testcase classname="tests.test_reports" name="test_erp_status_computation_2001" time="0.135" /><testcase classname="tests.test_reports" name="test_erp_filter_asn_status_completed" time="0.098" /><testcase classname="tests.test_reports" name="test_erp_filter_asn_status_pending" time="0.134" /><testcase classname="tests.test_reports" name="test_export_excel" time="0.752" /><testcase classname="tests.test_reports" name="test_export_pdf" time="0.284" /><testcase classname="tests.test_reports" name="test_export_csv" time="0.098" /><testcase classname="tests.test_reports" name="test_charts" time="0.107" /><testcase classname="tests.test_reports" name="test_group_customer" time="0.099" /><testcase classname="tests.test_reports" name="test_group_others[plant]" time="0.103" /><testcase classname="tests.test_reports" name="test_group_others[transporter]" time="0.098" /><testcase classname="tests.test_reports" name="test_group_others[month]" time="0.094" /><testcase classname="tests.test_reports" name="test_group_invalid" time="0.094" /><testcase classname="tests.test_reports" name="test_workflow_valid" time="0.194" /><testcase classname="tests.test_reports" name="test_workflow_invalid_id" time="0.098" /><testcase classname="tests.test_reports" name="test_workflow_missing" time="0.096" /><testcase classname="tests.test_reports" name="test_admin_can_save_shared_view" time="0.199" /><testcase classname="tests.test_reports" name="test_dispatch_shared_forbidden" time="0.455" /><testcase classname="tests.test_reports" name="test_dispatch_personal_ok_and_default" time="0.417" /><testcase classname="tests.test_reports" name="test_dispatch_cannot_delete_admin_shared" time="0.301" /><testcase classname="tests.test_reports" name="test_views_list_visibility" time="0.296" /><testcase classname="tests.test_reports" name="test_regression_summary" time="0.099" /><testcase classname="tests.test_reports" name="test_regression_master_dispatch_list" time="0.095" /><testcase classname="tests.test_reports" name="test_regression_daily_report" time="0.094" /></testsuite></testsuites>