<?xml version="1.0" encoding="utf-8"?><testsuites name="pytest tests"><testsuite name="pytest" errors="0" failures="0" skipped="0" tests="23" time="18.891" timestamp="2026-07-14T06:13:11.937206+00:00" hostname="agent-env-e017e20b-7339-4d41-939b-f1cd200aede3"><testcase classname="tests.test_vendor_ack.TestPlants" name="test_plants_seeded_returns_defaults" time="0.524" /><testcase classname="tests.test_vendor_ack.TestPlants" name="test_dispatch_cannot_add_plant" time="0.415" /><testcase classname="tests.test_vendor_ack.TestPlants" name="test_admin_can_add_plant" time="0.228" /><testcase classname="tests.test_vendor_ack.TestMDAsnPlant" name="test_create_and_get_with_asn_plant" time="0.216" /><testcase classname="tests.test_vendor_ack.TestMDAsnPlant" name="test_update_asn_plant" time="0.248" /><testcase classname="tests.test_vendor_ack.TestVendorAck" name="test_records_list_shape" time="0.093" /><testcase classname="tests.test_vendor_ack.TestVendorAck" name="test_records_search_filter" time="0.193" /><testcase classname="tests.test_vendor_ack.TestVendorAck" name="test_stats" time="0.095" /><testcase classname="tests.test_vendor_ack.TestVendorAck" name="test_run_happy_path_completed" time="1.788" /><testcase classname="tests.test_vendor_ack.TestVendorAck" name="test_run_asn_not_found_stays_pending" time="3.133" /><testcase classname="tests.test_vendor_ack.TestVendorAck" name="test_run_already_acked_completed_no_retry" time="1.827" /><testcase classname="tests.test_vendor_ack.TestVendorAck" name="test_run_err_retries_and_scheduled" time="2.337" /><testcase classname="tests.test_vendor_ack.TestVendorAck" name="test_run_bad_dropdown_failed" time="1.682" /><testcase classname="tests.test_vendor_ack.TestVendorAck" name="test_run_blank_asn_400" time="0.294" /><testcase classname="tests.test_vendor_ack.TestVendorAck" name="test_screenshots_endpoint" time="1.800" /><testcase classname="tests.test_vendor_ack.TestVendorAck" name="test_logs_endpoint" time="0.106" /><testcase classname="tests.test_vendor_ack.TestRegression" name="test_eway_stats" time="0.098" /><testcase classname="tests.test_vendor_ack.TestRegression" name="test_eway_records" time="0.097" /><testcase classname="tests.test_vendor_ack.TestRegression" name="test_eway_validation_test_run" time="2.134" /><testcase classname="tests.test_vendor_ack.TestRegression" name="test_md_stats_and_list" time="0.236" /><testcase classname="tests.test_vendor_ack.TestRegression" name="test_md_export_excel" time="0.931" /><testcase classname="tests.test_vendor_ack.TestRegression" name="test_packing_slips" time="0.099" /><testcase classname="tests.test_vendor_ack.TestRegression" name="test_dispatch_list" time="0.107" /></testsuite></testsuites>